Base path: '/Users/akhil/Unity/2019.2.17f1/Unity.app/Contents', plugins path '/Users/akhil/Unity/2019.2.17f1/PlaybackEngines'
Cmd: initializeCompiler
Cmd: compileSnippet
  api=14 type=1 insize=1596 outsize=10266 kw=UNITY_PASS_FORWARDBASE DIRECTIONAL SHADOWS_SCREEN LIGHTPROBE_SH _ALPHATEST_ON _SPECULARHIGHLIGHTS_OFF _GLOSSYREFLECTIONS_OFF pd=UNITY_ENABLE_REFLECTION_BUFFERS UNITY_USE_DITHER_MASK_FOR_ALPHABLENDED_SHADOWS UNITY_PBS_USE_BRDF1 UNITY_SPECCUBE_BOX_PROJECTION UNITY_SPECCUBE_BLENDING UNITY_ENABLE_DETAIL_NORMALMAP SHADER_API_DESKTOP UNITY_COLORSPACE_GAMMA UNITY_LIGHT_PROBE_PROXY_VOLUME UNITY_LIGHTMAP_RGBM_ENCODING ok=1
Cmd: initializeCompiler
Cmd: compileComputeKernel
  api=14 insize=7960 outsize=2649 ok=1
Cmd: translateComputeKernel
  api=14 insize=2761 outsize=2729 ok=1
Cmd: compileComputeKernel
  api=14 insize=68835 outsize=5896 ok=1
Cmd: compileComputeKernel
  api=14 insize=9919 outsize=2923 ok=1
Cmd: compileComputeKernel
  api=14 insize=9919 outsize=3102 ok=1
Cmd: translateComputeKernel
  api=14 insize=2957 outsize=4285 ok=1
Cmd: compileComputeKernel
  api=14 insize=45523 outsize=4027 ok=1
Cmd: translateComputeKernel
  api=14 insize=4252 outsize=6905 ok=1
Cmd: compileComputeKernel
  api=14 insize=6546 outsize=2991 ok=1
Cmd: compileComputeKernel
  error: 1 plat 14 at Tensor.cginc(141): use of potentially uninitialized variable (ReadonlyTensor::SafeGet)
  api=14 insize=47665 outsize=3884 ok=1
Cmd: compileComputeKernel
  api=14 insize=47665 outsize=3374 ok=1
Cmd: compileComputeKernel
  api=14 insize=47665 outsize=3054 ok=1
Cmd: compileComputeKernel
  api=14 insize=47665 outsize=3727 ok=1
Cmd: compileComputeKernel
  api=14 insize=47665 outsize=3084 ok=1
Cmd: translateComputeKernel
  api=14 insize=4193 outsize=5075 ok=1
Cmd: translateComputeKernel
  api=14 insize=3539 outsize=3521 ok=1
Cmd: translateComputeKernel
  api=14 insize=3635 outsize=3642 ok=1
Cmd: translateComputeKernel
  api=14 insize=4146 outsize=4784 ok=1
Cmd: translateComputeKernel
  api=14 insize=4169 outsize=4949 ok=1
Cmd: translateComputeKernel
  api=14 insize=4203 outsize=4998 ok=1
Cmd: translateComputeKernel
  api=14 insize=3594 outsize=3674 ok=1
Cmd: compileComputeKernel
  api=14 insize=4103 outsize=2612 ok=1
Cmd: compileComputeKernel
  api=14 insize=29386 outsize=2058 ok=1
Cmd: compileComputeKernel
  api=14 insize=29386 outsize=2286 ok=1
Cmd: compileComputeKernel
  api=14 insize=29386 outsize=2326 ok=1
Cmd: compileComputeKernel
  api=14 insize=29386 outsize=2050 ok=1
Cmd: compileComputeKernel
  api=14 insize=29386 outsize=2600 ok=1
Cmd: compileComputeKernel
  api=14 insize=29386 outsize=2828 ok=1
Cmd: compileComputeKernel
  api=14 insize=29386 outsize=2667 ok=1
Cmd: compileComputeKernel
  api=14 insize=29386 outsize=2677 ok=1
Cmd: translateComputeKernel
  api=14 insize=2313 outsize=1961 ok=1
Cmd: translateComputeKernel
  api=14 insize=2541 outsize=2302 ok=1
Cmd: translateComputeKernel
  api=14 insize=2332 outsize=1996 ok=1
Cmd: translateComputeKernel
  api=14 insize=2349 outsize=2019 ok=1
Cmd: translateComputeKernel
  api=14 insize=2957 outsize=3342 ok=1
Cmd: translateComputeKernel
  api=14 insize=2852 outsize=3184 ok=1
Cmd: translateComputeKernel
  api=14 insize=2780 outsize=3115 ok=1
Cmd: compileSnippet
  api=14 type=1 insize=24152 outsize=13998 kw=UNITY_PASS_FORWARDBASE DIRECTIONAL SHADOWS_SCREEN LIGHTPROBE_SH pd=UNITY_ENABLE_REFLECTION_BUFFERS UNITY_USE_DITHER_MASK_FOR_ALPHABLENDED_SHADOWS UNITY_PBS_USE_BRDF1 UNITY_SPECCUBE_BOX_PROJECTION UNITY_SPECCUBE_BLENDING UNITY_ENABLE_DETAIL_NORMALMAP SHADER_API_DESKTOP UNITY_COLORSPACE_GAMMA UNITY_LIGHT_PROBE_PROXY_VOLUME UNITY_LIGHTMAP_RGBM_ENCODING ok=1
