Base path: '/Users/akhil/Unity/2019.2.17f1/Unity.app/Contents', plugins path '/Users/akhil/Unity/2019.2.17f1/PlaybackEngines'
Cmd: initializeCompiler
Cmd: compileSnippet
  api=14 type=1 insize=1373 outsize=8998 kw=UNITY_PASS_FORWARDBASE DIRECTIONAL LIGHTPROBE_SH _SPECULARHIGHLIGHTS_OFF _GLOSSYREFLECTIONS_OFF pd=UNITY_ENABLE_REFLECTION_BUFFERS UNITY_USE_DITHER_MASK_FOR_ALPHABLENDED_SHADOWS UNITY_PBS_USE_BRDF1 UNITY_SPECCUBE_BOX_PROJECTION UNITY_SPECCUBE_BLENDING UNITY_ENABLE_DETAIL_NORMALMAP SHADER_API_DESKTOP UNITY_COLORSPACE_GAMMA UNITY_LIGHT_PROBE_PROXY_VOLUME UNITY_LIGHTMAP_RGBM_ENCODING ok=1
Cmd: initializeCompiler
Cmd: compileComputeKernel
  api=14 insize=7960 outsize=2550 ok=1
Cmd: translateComputeKernel
  api=14 insize=3157 outsize=3391 ok=1
Cmd: compileComputeKernel
  api=14 insize=68835 outsize=7284 ok=1
Cmd: translateComputeKernel
  api=14 insize=5929 outsize=9933 ok=1
Cmd: compileComputeKernel
  api=14 insize=9919 outsize=2955 ok=1
Cmd: translateComputeKernel
  api=14 insize=2923 outsize=4240 ok=1
Cmd: compileComputeKernel
  api=14 insize=45523 outsize=10869 ok=1
Cmd: translateComputeKernel
  api=14 insize=12345 outsize=23671 ok=1
Cmd: compileComputeKernel
  error: 1 plat 14 at Tensor.cginc(141): use of potentially uninitialized variable (ReadonlyTensor::SafeGet)
  api=14 insize=47665 outsize=4651 ok=1
Cmd: compileComputeKernel
  api=14 insize=47665 outsize=3425 ok=1
Cmd: compileComputeKernel
  api=14 insize=47665 outsize=3027 ok=1
Cmd: compileComputeKernel
  api=14 insize=47665 outsize=3759 ok=1
Cmd: compileComputeKernel
  api=14 insize=47665 outsize=3137 ok=1
Cmd: translateComputeKernel
  api=14 insize=4305 outsize=5661 ok=1
Cmd: translateComputeKernel
  api=14 insize=3999 outsize=4292 ok=1
Cmd: translateComputeKernel
  api=14 insize=4206 outsize=5001 ok=1
Cmd: translateComputeKernel
  api=14 insize=3578 outsize=3574 ok=1
Cmd: translateComputeKernel
  api=14 insize=3673 outsize=3719 ok=1
Cmd: compileComputeKernel
  api=14 insize=4103 outsize=2847 ok=1
Cmd: compileComputeKernel
  api=14 insize=29386 outsize=2153 ok=1
Cmd: compileComputeKernel
  api=14 insize=29386 outsize=2381 ok=1
Cmd: compileComputeKernel
  api=14 insize=29386 outsize=2399 ok=1
Cmd: compileComputeKernel
  api=14 insize=29386 outsize=2207 ok=1
Cmd: compileComputeKernel
  api=14 insize=29386 outsize=2629 ok=1
Cmd: compileComputeKernel
  api=14 insize=29386 outsize=2677 ok=1
Cmd: compileComputeKernel
  api=14 insize=29386 outsize=2659 ok=1
Cmd: compileComputeKernel
  api=14 insize=29386 outsize=3002 ok=1
Cmd: translateComputeKernel
  api=14 insize=2607 outsize=2495 ok=1
Cmd: translateComputeKernel
  api=14 insize=2344 outsize=1950 ok=1
Cmd: translateComputeKernel
  api=14 insize=2272 outsize=1880 ok=1
Cmd: translateComputeKernel
  api=14 insize=2853 outsize=3005 ok=1
Cmd: translateComputeKernel
  api=14 insize=2838 outsize=3198 ok=1
Cmd: translateComputeKernel
  api=14 insize=2820 outsize=3141 ok=1
Cmd: translateComputeKernel
  api=14 insize=2837 outsize=3163 ok=1
Cmd: compileSnippet
  api=14 type=0 insize=24152 outsize=3217 kw=UNITY_PASS_FORWARDBASE DIRECTIONAL SHADOWS_SCREEN LIGHTPROBE_SH pd=UNITY_ENABLE_REFLECTION_BUFFERS UNITY_USE_DITHER_MASK_FOR_ALPHABLENDED_SHADOWS UNITY_PBS_USE_BRDF1 UNITY_SPECCUBE_BOX_PROJECTION UNITY_SPECCUBE_BLENDING UNITY_ENABLE_DETAIL_NORMALMAP SHADER_API_DESKTOP UNITY_COLORSPACE_GAMMA UNITY_LIGHT_PROBE_PROXY_VOLUME UNITY_LIGHTMAP_RGBM_ENCODING ok=1
