Base path: '/Users/akhil/Unity/2019.2.17f1/Unity.app/Contents', plugins path '/Users/akhil/Unity/2019.2.17f1/PlaybackEngines'
Cmd: initializeCompiler
Cmd: compileSnippet
  api=14 type=1 insize=1373 outsize=10142 kw=UNITY_PASS_FORWARDBASE DIRECTIONAL SHADOWS_SCREEN LIGHTPROBE_SH _SPECULARHIGHLIGHTS_OFF _GLOSSYREFLECTIONS_OFF pd=UNITY_ENABLE_REFLECTION_BUFFERS UNITY_USE_DITHER_MASK_FOR_ALPHABLENDED_SHADOWS UNITY_PBS_USE_BRDF1 UNITY_SPECCUBE_BOX_PROJECTION UNITY_SPECCUBE_BLENDING UNITY_ENABLE_DETAIL_NORMALMAP SHADER_API_DESKTOP UNITY_COLORSPACE_GAMMA UNITY_LIGHT_PROBE_PROXY_VOLUME UNITY_LIGHTMAP_RGBM_ENCODING ok=1
Cmd: initializeCompiler
Cmd: compileComputeKernel
  api=14 insize=7960 outsize=2569 ok=1
Cmd: translateComputeKernel
  api=14 insize=3225 outsize=3625 ok=1
Cmd: translateComputeKernel
  api=14 insize=3877 outsize=6753 ok=1
Cmd: compileComputeKernel
  api=14 insize=9919 outsize=3363 ok=1
Cmd: translateComputeKernel
  api=14 insize=2953 outsize=4281 ok=1
Cmd: compileComputeKernel
  api=14 insize=45523 outsize=4252 ok=1
Cmd: translateComputeKernel
  api=14 insize=25227 outsize=52516 ok=1
Cmd: translateComputeKernel
  api=14 insize=2806 outsize=3257 ok=1
Cmd: compileComputeKernel
  api=14 insize=47665 outsize=3432 ok=1
Cmd: compileComputeKernel
  api=14 insize=47665 outsize=4979 ok=1
Cmd: compileComputeKernel
  api=14 insize=47665 outsize=3731 ok=1
Cmd: compileComputeKernel
  api=14 insize=47665 outsize=3905 ok=1
Cmd: compileComputeKernel
  api=14 insize=47665 outsize=3523 ok=1
Cmd: translateComputeKernel
  api=14 insize=3882 outsize=4149 ok=1
Cmd: translateComputeKernel
  api=14 insize=3803 outsize=3941 ok=1
Cmd: translateComputeKernel
  api=14 insize=3934 outsize=4182 ok=1
Cmd: translateComputeKernel
  api=14 insize=3563 outsize=3564 ok=1
Cmd: translateComputeKernel
  api=14 insize=4169 outsize=4949 ok=1
Cmd: translateComputeKernel
  api=14 insize=4347 outsize=5243 ok=1
Cmd: translateComputeKernel
  api=14 insize=3760 outsize=3923 ok=1
Cmd: translateComputeKernel
  api=14 insize=2971 outsize=3826 ok=1
Cmd: compileComputeKernel
  api=14 insize=29386 outsize=2182 ok=1
Cmd: compileComputeKernel
  api=14 insize=29386 outsize=2313 ok=1
Cmd: compileComputeKernel
  api=14 insize=29386 outsize=1205 ok=1
Cmd: compileComputeKernel
  api=14 insize=29386 outsize=2663 ok=1
Cmd: compileComputeKernel
  api=14 insize=29386 outsize=2868 ok=1
Cmd: compileComputeKernel
  api=14 insize=29386 outsize=2707 ok=1
Cmd: compileComputeKernel
  api=14 insize=29386 outsize=2740 ok=1
Cmd: translateComputeKernel
  api=14 insize=2308 outsize=1953 ok=1
Cmd: translateComputeKernel
  api=14 insize=2390 outsize=2088 ok=1
Cmd: translateComputeKernel
  api=14 insize=1458 outsize=1512 ok=1
Cmd: translateComputeKernel
  api=14 insize=2347 outsize=2024 ok=1
Cmd: translateComputeKernel
  api=14 insize=2704 outsize=2669 ok=1
Cmd: translateComputeKernel
  api=14 insize=2915 outsize=3080 ok=1
Cmd: translateComputeKernel
  api=14 insize=2780 outsize=3114 ok=1
Cmd: translateComputeKernel
  api=14 insize=3150 outsize=3557 ok=1
