Base path: '/Users/akhil/Unity/2019.2.17f1/Unity.app/Contents', plugins path '/Users/akhil/Unity/2019.2.17f1/PlaybackEngines'
Cmd: initializeCompiler
Cmd: compileComputeKernel
  api=14 insize=7960 outsize=3022 ok=1
Cmd: compileComputeKernel
  api=14 insize=68835 outsize=8733 ok=1
Cmd: translateComputeKernel
  api=14 insize=8877 outsize=17646 ok=1
Cmd: compileComputeKernel
  api=14 insize=9919 outsize=2960 ok=1
Cmd: translateComputeKernel
  api=14 insize=3363 outsize=5031 ok=1
Cmd: compileComputeKernel
  api=14 insize=45523 outsize=5617 ok=1
Cmd: translateComputeKernel
  api=14 insize=10961 outsize=19478 ok=1
Cmd: compileComputeKernel
  api=14 insize=47665 outsize=3498 ok=1
Cmd: compileComputeKernel
  api=14 insize=47665 outsize=3544 ok=1
Cmd: compileComputeKernel
  api=14 insize=47665 outsize=3126 ok=1
Cmd: compileComputeKernel
  api=14 insize=47665 outsize=3107 ok=1
Cmd: compileComputeKernel
  api=14 insize=47665 outsize=3756 ok=1
Cmd: compileComputeKernel
  api=14 insize=47665 outsize=3085 ok=1
Cmd: translateComputeKernel
  api=14 insize=3802 outsize=4129 ok=1
Cmd: translateComputeKernel
  api=14 insize=3576 outsize=3567 ok=1
Cmd: translateComputeKernel
  api=14 insize=3772 outsize=3870 ok=1
Cmd: translateComputeKernel
  api=14 insize=3667 outsize=3761 ok=1
Cmd: translateComputeKernel
  api=14 insize=3580 outsize=3587 ok=1
Cmd: translateComputeKernel
  api=14 insize=4169 outsize=4953 ok=1
Cmd: translateComputeKernel
  api=14 insize=4348 outsize=5243 ok=1
Cmd: translateComputeKernel
  api=14 insize=4086 outsize=4395 ok=1
Cmd: compileComputeKernel
  api=14 insize=29386 outsize=2151 ok=1
Cmd: compileComputeKernel
  api=14 insize=29386 outsize=2135 ok=1
Cmd: compileComputeKernel
  api=14 insize=29386 outsize=2181 ok=1
Cmd: compileComputeKernel
  api=14 insize=29386 outsize=2230 ok=1
Cmd: compileComputeKernel
  api=14 insize=29386 outsize=2543 ok=1
Cmd: compileComputeKernel
  api=14 insize=29386 outsize=2731 ok=1
Cmd: compileComputeKernel
  api=14 insize=29386 outsize=2682 ok=1
Cmd: compileComputeKernel
  api=14 insize=29386 outsize=2695 ok=1
Cmd: translateComputeKernel
  api=14 insize=2311 outsize=1977 ok=1
Cmd: translateComputeKernel
  api=14 insize=1572 outsize=1659 ok=1
Cmd: translateComputeKernel
  api=14 insize=2332 outsize=1997 ok=1
Cmd: translateComputeKernel
  api=14 insize=2824 outsize=2967 ok=1
Cmd: translateComputeKernel
  api=14 insize=3029 outsize=3418 ok=1
Cmd: translateComputeKernel
  api=14 insize=2838 outsize=3177 ok=1
Cmd: translateComputeKernel
  api=14 insize=2871 outsize=3044 ok=1
Cmd: compileSnippet
  api=14 type=0 insize=1596 outsize=4147 kw=UNITY_PASS_FORWARDBASE DIRECTIONAL SHADOWS_SCREEN LIGHTPROBE_SH _SPECULARHIGHLIGHTS_OFF _GLOSSYREFLECTIONS_OFF pd=UNITY_ENABLE_REFLECTION_BUFFERS UNITY_USE_DITHER_MASK_FOR_ALPHABLENDED_SHADOWS UNITY_PBS_USE_BRDF1 UNITY_SPECCUBE_BOX_PROJECTION UNITY_SPECCUBE_BLENDING UNITY_ENABLE_DETAIL_NORMALMAP SHADER_API_DESKTOP UNITY_COLORSPACE_GAMMA UNITY_LIGHT_PROBE_PROXY_VOLUME UNITY_LIGHTMAP_RGBM_ENCODING ok=1
