Base path: '/Users/akhil/Unity/2019.2.17f1/Unity.app/Contents', plugins path '/Users/akhil/Unity/2019.2.17f1/PlaybackEngines'
Cmd: initializeCompiler
Cmd: compileSnippet
  api=14 type=0 insize=1373 outsize=3914 kw=UNITY_PASS_FORWARDBASE DIRECTIONAL LIGHTPROBE_SH _SPECULARHIGHLIGHTS_OFF _GLOSSYREFLECTIONS_OFF pd=UNITY_ENABLE_REFLECTION_BUFFERS UNITY_USE_DITHER_MASK_FOR_ALPHABLENDED_SHADOWS UNITY_PBS_USE_BRDF1 UNITY_SPECCUBE_BOX_PROJECTION UNITY_SPECCUBE_BLENDING UNITY_ENABLE_DETAIL_NORMALMAP SHADER_API_DESKTOP UNITY_COLORSPACE_GAMMA UNITY_LIGHT_PROBE_PROXY_VOLUME UNITY_LIGHTMAP_RGBM_ENCODING ok=1
Cmd: initializeCompiler
Cmd: compileComputeKernel
  api=14 insize=7960 outsize=3135 ok=1
Cmd: translateComputeKernel
  api=14 insize=3214 outsize=3417 ok=1
Cmd: compileComputeKernel
  api=14 insize=68835 outsize=6622 ok=1
Cmd: compileComputeKernel
  api=14 insize=9919 outsize=2923 ok=1
Cmd: translateComputeKernel
  api=14 insize=2927 outsize=4239 ok=1
Cmd: translateComputeKernel
  api=14 insize=3102 outsize=4530 ok=1
Cmd: compileComputeKernel
  api=14 insize=45523 outsize=13383 ok=1
Cmd: translateComputeKernel
  api=14 insize=4913 outsize=8709 ok=1
Cmd: compileComputeKernel
  api=14 insize=6546 outsize=2718 ok=1
Cmd: translateComputeKernel
  api=14 insize=3019 outsize=3665 ok=1
Cmd: compileComputeKernel
  api=14 insize=47665 outsize=3078 ok=1
Cmd: compileComputeKernel
  api=14 insize=47665 outsize=3030 ok=1
Cmd: compileComputeKernel
  api=14 insize=47665 outsize=3263 ok=1
Cmd: compileComputeKernel
  api=14 insize=47665 outsize=3520 ok=1
Cmd: compileComputeKernel
  api=14 insize=47665 outsize=3757 ok=1
Cmd: compileComputeKernel
  api=14 insize=47665 outsize=4658 ok=1
Cmd: translateComputeKernel
  api=14 insize=3683 outsize=3940 ok=1
Cmd: translateComputeKernel
  api=14 insize=5390 outsize=7388 ok=1
Cmd: translateComputeKernel
  api=14 insize=4609 outsize=5744 ok=1
Cmd: translateComputeKernel
  api=14 insize=3593 outsize=3689 ok=1
Cmd: translateComputeKernel
  api=14 insize=4807 outsize=6205 ok=1
Cmd: compileComputeKernel
  api=14 insize=29386 outsize=2087 ok=1
Cmd: compileComputeKernel
  api=14 insize=29386 outsize=1622 ok=1
Cmd: compileComputeKernel
  api=14 insize=29386 outsize=2172 ok=1
Cmd: compileComputeKernel
  api=14 insize=29386 outsize=2092 ok=1
Cmd: compileComputeKernel
  api=14 insize=29386 outsize=3332 ok=1
Cmd: compileComputeKernel
  api=14 insize=29386 outsize=2773 ok=1
Cmd: compileComputeKernel
  api=14 insize=29386 outsize=2632 ok=1
Cmd: translateComputeKernel
  api=14 insize=1419 outsize=1449 ok=1
Cmd: translateComputeKernel
  api=14 insize=2509 outsize=2248 ok=1
Cmd: translateComputeKernel
  api=14 insize=2598 outsize=2369 ok=1
Cmd: translateComputeKernel
  api=14 insize=2305 outsize=1957 ok=1
Cmd: translateComputeKernel
  api=14 insize=2761 outsize=3083 ok=1
Cmd: translateComputeKernel
  api=14 insize=2989 outsize=3392 ok=1
Cmd: translateComputeKernel
  api=14 insize=2861 outsize=3039 ok=1
Cmd: translateComputeKernel
  api=14 insize=2848 outsize=3178 ok=1
Cmd: compileSnippet
  api=14 type=1 insize=1596 outsize=10064 kw=UNITY_PASS_FORWARDBASE DIRECTIONAL SHADOWS_SCREEN LIGHTPROBE_SH _SPECULARHIGHLIGHTS_OFF _GLOSSYREFLECTIONS_OFF pd=UNITY_ENABLE_REFLECTION_BUFFERS UNITY_USE_DITHER_MASK_FOR_ALPHABLENDED_SHADOWS UNITY_PBS_USE_BRDF1 UNITY_SPECCUBE_BOX_PROJECTION UNITY_SPECCUBE_BLENDING UNITY_ENABLE_DETAIL_NORMALMAP SHADER_API_DESKTOP UNITY_COLORSPACE_GAMMA UNITY_LIGHT_PROBE_PROXY_VOLUME UNITY_LIGHTMAP_RGBM_ENCODING ok=1
