Base path: '/Users/akhil/Unity/2019.2.17f1/Unity.app/Contents', plugins path '/Users/akhil/Unity/2019.2.17f1/PlaybackEngines'
Cmd: initializeCompiler
Cmd: compileSnippet
  api=14 type=0 insize=1373 outsize=4147 kw=UNITY_PASS_FORWARDBASE DIRECTIONAL SHADOWS_SCREEN LIGHTPROBE_SH _SPECULARHIGHLIGHTS_OFF _GLOSSYREFLECTIONS_OFF pd=UNITY_ENABLE_REFLECTION_BUFFERS UNITY_USE_DITHER_MASK_FOR_ALPHABLENDED_SHADOWS UNITY_PBS_USE_BRDF1 UNITY_SPECCUBE_BOX_PROJECTION UNITY_SPECCUBE_BLENDING UNITY_ENABLE_DETAIL_NORMALMAP SHADER_API_DESKTOP UNITY_COLORSPACE_GAMMA UNITY_LIGHT_PROBE_PROXY_VOLUME UNITY_LIGHTMAP_RGBM_ENCODING ok=1
Cmd: initializeCompiler
Cmd: compileComputeKernel
  api=14 insize=7960 outsize=2998 ok=1
Cmd: translateComputeKernel
  api=14 insize=2772 outsize=2815 ok=1
Cmd: compileComputeKernel
  api=14 insize=68835 outsize=3877 ok=1
Cmd: translateComputeKernel
  api=14 insize=8733 outsize=16335 ok=1
Cmd: compileComputeKernel
  api=14 insize=9919 outsize=2957 ok=1
Cmd: translateComputeKernel
  api=14 insize=2923 outsize=4240 ok=1
Cmd: compileComputeKernel
  api=14 insize=45523 outsize=8584 ok=1
Cmd: compileComputeKernel
  api=14 insize=6546 outsize=3420 ok=1
Cmd: compileComputeKernel
  error: 1 plat 14 at Tensor.cginc(141): use of potentially uninitialized variable (ReadonlyTensor::SafeGet)
  api=14 insize=47665 outsize=4778 ok=1
Cmd: compileComputeKernel
  api=14 insize=47665 outsize=3704 ok=1
Cmd: compileComputeKernel
  api=14 insize=47665 outsize=3727 ok=1
Cmd: compileComputeKernel
  api=14 insize=47665 outsize=3069 ok=1
Cmd: compileComputeKernel
  api=14 insize=47665 outsize=3337 ok=1
Cmd: translateComputeKernel
  api=14 insize=5241 outsize=7706 ok=1
Cmd: translateComputeKernel
  api=14 insize=4173 outsize=4952 ok=1
Cmd: translateComputeKernel
  api=14 insize=4199 outsize=4994 ok=1
Cmd: translateComputeKernel
  api=14 insize=5084 outsize=6717 ok=1
Cmd: compileComputeKernel
  api=14 insize=29386 outsize=1157 ok=1
Cmd: compileComputeKernel
  api=14 insize=29386 outsize=2230 ok=1
Cmd: compileComputeKernel
  api=14 insize=29386 outsize=1205 ok=1
Cmd: compileComputeKernel
  api=14 insize=29386 outsize=2187 ok=1
Cmd: compileComputeKernel
  api=14 insize=29386 outsize=2918 ok=1
Cmd: compileComputeKernel
  api=14 insize=29386 outsize=2813 ok=1
Cmd: compileComputeKernel
  api=14 insize=29386 outsize=2655 ok=1
Cmd: translateComputeKernel
  api=14 insize=2282 outsize=1883 ok=1
Cmd: translateComputeKernel
  api=14 insize=2330 outsize=1964 ok=1
Cmd: translateComputeKernel
  api=14 insize=2290 outsize=1917 ok=1
Cmd: translateComputeKernel
  api=14 insize=2245 outsize=1845 ok=1
Cmd: translateComputeKernel
  api=14 insize=2801 outsize=3109 ok=1
Cmd: translateComputeKernel
  api=14 insize=2901 outsize=3094 ok=1
Cmd: translateComputeKernel
  api=14 insize=2798 outsize=3151 ok=1
Cmd: translateComputeKernel
  api=14 insize=2808 outsize=3152 ok=1
